0 silly argv {
0 silly argv   _: [ 'publish' ],
0 silly argv   'force-publish': true,
0 silly argv   forcePublish: true,
0 silly argv   composed: 'publish',
0 silly argv   lernaVersion: '8.1.8',
0 silly argv   '$0': '/Users/admin/Documents/private/low-code/node_modules/.bin/lerna'
0 silly argv }
1 notice cli v8.1.8
2 verbose packageConfigs Explicit "packages" configuration found in lerna.json. Resolving packages using the configured glob(s): ["packages/*"]
3 verbose rootPath /Users/admin/Documents/private/low-code
4 error Error: Invalid package name "low-code/utils" of package "low-code/utils@file:packages/utils": name can only contain URL-friendly characters.
4 error     at invalidPackageName (/Users/admin/Documents/private/low-code/node_modules/lerna/node_modules/npm-package-arg/lib/npa.js:111:15)
4 error     at Result.setName (/Users/admin/Documents/private/low-code/node_modules/lerna/node_modules/npm-package-arg/lib/npa.js:158:11)
4 error     at new Result (/Users/admin/Documents/private/low-code/node_modules/lerna/node_modules/npm-package-arg/lib/npa.js:147:10)
4 error     at Function.resolve (/Users/admin/Documents/private/low-code/node_modules/lerna/node_modules/npm-package-arg/lib/npa.js:59:15)
4 error     at new _Package (/Users/admin/Documents/private/low-code/node_modules/lerna/dist/index.js:2199:57)
4 error     at /Users/admin/Documents/private/low-code/node_modules/lerna/dist/index.js:2904:14
4 error     at Array.forEach (<anonymous>)
4 error     at createProjectGraphWithPackages (/Users/admin/Documents/private/low-code/node_modules/lerna/dist/index.js:2901:16)
4 error     at async detectProjects (/Users/admin/Documents/private/low-code/node_modules/lerna/dist/index.js:3001:24)
